Legacy library getopts.pl will be removed from the Perl core distribution in the next major release. Please install the separate libperl4-corelibs-perl package. It is being used at ./cooked2lex.pl, line 7.
13 sentences
2 tags 9 types 13 tokens
  1         7  77.778%         7  53.846% 
  2         2  22.222%         6  46.154% 
Mean ambiguity A=1.461538

Entropy H(p)=0.995727
[        0 ms::6] 
[        0 ms::6] Trigram POS Tagger (c) Ingo Schrder, schroeder@informatik.uni-hamburg.de
[        0 ms::6] 
[       60 ms::6] found 3 tags in "FINALEMO.123"
[       60 ms::6] read 3/22 uni-, 4/22 bi-, and 4/22 trigram count (type/token)
[       60 ms::6] model generated from 0 sentences (thereof 0 one-word)
[       60 ms::6] found 0 uni-, 0 bi-, and 0 trigram counts for the boundary tag
[       60 ms::6] lambdas: +0.000e+00 (0/22) +9.091e-02 (2/22) +9.091e-01 (20/22)
[       60 ms::6] computed smoothed transition probabilities
[       60 ms::6] read 9/13 entries (type/token) from dictionary
[       60 ms::6] theta +2.974e-01
[       60 ms::6] built suffix tries with 13 lowercase and 16 uppercase nodes
[       60 ms::6] leaves/single/total LC: 3 9 14
[       60 ms::6] leaves/single/total UC: 4 11 17
[       60 ms::6] suffix probabilities smoothing done [theta 2.974e-01]
[       60 ms::6] setvbuf error: Numerical result out of range
Considering <*BOUNDARY*-*BOUNDARY*> --> <*BOUNDARY*-9> for Hola
	a(*BOUNDARY*-*BOUNDARY*)==0.0000e+00
	lp(9|Hola)==-2.3026e+00
	tp(*BOUNDARY*-*BOUNDARY* --> *BOUNDARY*-9)==-1.3863e+00
	---> -3.6889e+00
Considering <*BOUNDARY*-__$> --> <__$-9> for Hola
	a(*BOUNDARY*-__$)==-3.4028e+38
	lp(9|Hola)==-2.3026e+00
	tp(*BOUNDARY*-__$ --> __$-9)==-6.9315e-01
	---> -3.4028e+38
Considering <*BOUNDARY*-9> --> <9-9> for Hola
	a(*BOUNDARY*-9)==-3.4028e+38
	lp(9|Hola)==-2.3026e+00
	tp(*BOUNDARY*-9 --> 9-9)==-1.1451e+00
	---> -3.4028e+38
Considering <*BOUNDARY*-1> --> <1-9> for Hola
	a(*BOUNDARY*-1)==-3.4028e+38
	lp(9|Hola)==-2.3026e+00
	tp(*BOUNDARY*-1 --> 1-9)==-1.4816e+00
	---> -3.4028e+38
Considering <__$-*BOUNDARY*> --> <*BOUNDARY*-9> for Hola
	a(__$-*BOUNDARY*)==-3.4028e+38
	lp(9|Hola)==-2.3026e+00
	tp(__$-*BOUNDARY* --> *BOUNDARY*-9)==-1.3863e+00
	---> -3.4028e+38
Considering <__$-__$> --> <__$-9> for Hola
	a(__$-__$)==-3.4028e+38
	lp(9|Hola)==-2.3026e+00
	tp(__$-__$ --> __$-9)==-1.2993e+00
	---> -3.4028e+38
Considering <__$-9> --> <9-9> for Hola
	a(__$-9)==-3.4028e+38
	lp(9|Hola)==-2.3026e+00
	tp(__$-9 --> 9-9)==0.0000e+00
	---> -3.4028e+38
Considering <__$-1> --> <1-9> for Hola
	a(__$-1)==-3.4028e+38
	lp(9|Hola)==-2.3026e+00
	tp(__$-1 --> 1-9)== -inf
	--->  -inf
Considering <9-*BOUNDARY*> --> <*BOUNDARY*-9> for Hola
	a(9-*BOUNDARY*)==-3.4028e+38
	lp(9|Hola)==-2.3026e+00
	tp(9-*BOUNDARY* --> *BOUNDARY*-9)==-1.3863e+00
	---> -3.4028e+38
Considering <9-__$> --> <__$-9> for Hola
	a(9-__$)==-3.4028e+38
	lp(9|Hola)==-2.3026e+00
	tp(9-__$ --> __$-9)==-1.2993e+00
	---> -3.4028e+38
Considering <9-9> --> <9-9> for Hola
	a(9-9)==-3.4028e+38
	lp(9|Hola)==-2.3026e+00
	tp(9-9 --> 9-9)==0.0000e+00
	---> -3.4028e+38
Considering <9-1> --> <1-9> for Hola
	a(9-1)==-3.4028e+38
	lp(9|Hola)==-2.3026e+00
	tp(9-1 --> 1-9)==-1.4816e+00
	---> -3.4028e+38
Considering <1-*BOUNDARY*> --> <*BOUNDARY*-9> for Hola
	a(1-*BOUNDARY*)==-3.4028e+38
	lp(9|Hola)==-2.3026e+00
	tp(1-*BOUNDARY* --> *BOUNDARY*-9)==-1.3863e+00
	---> -3.4028e+38
Considering <1-__$> --> <__$-9> for Hola
	a(1-__$)==-3.4028e+38
	lp(9|Hola)==-2.3026e+00
	tp(1-__$ --> __$-9)==-1.2993e+00
	---> -3.4028e+38
Considering <1-9> --> <9-9> for Hola
	a(1-9)==-3.4028e+38
	lp(9|Hola)==-2.3026e+00
	tp(1-9 --> 9-9)==-1.1451e+00
	---> -3.4028e+38
Considering <1-1> --> <1-9> for Hola
	a(1-1)==-3.4028e+38
	lp(9|Hola)==-2.3026e+00
	tp(1-1 --> 1-9)== -inf
	--->  -inf
Considering <*BOUNDARY*-*BOUNDARY*> --> <*BOUNDARY*-9> for Robin
	a(*BOUNDARY*-*BOUNDARY*)==-3.4028e+38
	lp(9|Robin)==-2.3026e+00
	tp(*BOUNDARY*-*BOUNDARY* --> *BOUNDARY*-9)==-1.3863e+00
	---> -3.4028e+38
Considering <*BOUNDARY*-__$> --> <__$-9> for Robin
	a(*BOUNDARY*-__$)==-3.4028e+38
	lp(9|Robin)==-2.3026e+00
	tp(*BOUNDARY*-__$ --> __$-9)==-6.9315e-01
	---> -3.4028e+38
Considering <*BOUNDARY*-9> --> <9-9> for Robin
	a(*BOUNDARY*-9)==-3.6889e+00
	lp(9|Robin)==-2.3026e+00
	tp(*BOUNDARY*-9 --> 9-9)==-1.1451e+00
	---> -7.1366e+00
Considering <*BOUNDARY*-1> --> <1-9> for Robin
	a(*BOUNDARY*-1)==-3.4028e+38
	lp(9|Robin)==-2.3026e+00
	tp(*BOUNDARY*-1 --> 1-9)==-1.4816e+00
	---> -3.4028e+38
Considering <__$-*BOUNDARY*> --> <*BOUNDARY*-9> for Robin
	a(__$-*BOUNDARY*)==-3.4028e+38
	lp(9|Robin)==-2.3026e+00
	tp(__$-*BOUNDARY* --> *BOUNDARY*-9)==-1.3863e+00
	---> -3.4028e+38
Considering <__$-__$> --> <__$-9> for Robin
	a(__$-__$)==-3.4028e+38
	lp(9|Robin)==-2.3026e+00
	tp(__$-__$ --> __$-9)==-1.2993e+00
	---> -3.4028e+38
Considering <__$-9> --> <9-9> for Robin
	a(__$-9)==-3.4028e+38
	lp(9|Robin)==-2.3026e+00
	tp(__$-9 --> 9-9)==0.0000e+00
	---> -3.4028e+38
Considering <__$-1> --> <1-9> for Robin
	a(__$-1)==-3.4028e+38
	lp(9|Robin)==-2.3026e+00
	tp(__$-1 --> 1-9)== -inf
	--->  -inf
Considering <9-*BOUNDARY*> --> <*BOUNDARY*-9> for Robin
	a(9-*BOUNDARY*)==-3.4028e+38
	lp(9|Robin)==-2.3026e+00
	tp(9-*BOUNDARY* --> *BOUNDARY*-9)==-1.3863e+00
	---> -3.4028e+38
Considering <9-__$> --> <__$-9> for Robin
	a(9-__$)==-3.4028e+38
	lp(9|Robin)==-2.3026e+00
	tp(9-__$ --> __$-9)==-1.2993e+00
	---> -3.4028e+38
Considering <9-9> --> <9-9> for Robin
	a(9-9)==-3.4028e+38
	lp(9|Robin)==-2.3026e+00
	tp(9-9 --> 9-9)==0.0000e+00
	---> -3.4028e+38
Considering <9-1> --> <1-9> for Robin
	a(9-1)==-3.4028e+38
	lp(9|Robin)==-2.3026e+00
	tp(9-1 --> 1-9)==-1.4816e+00
	---> -3.4028e+38
Considering <1-*BOUNDARY*> --> <*BOUNDARY*-9> for Robin
	a(1-*BOUNDARY*)==-3.4028e+38
	lp(9|Robin)==-2.3026e+00
	tp(1-*BOUNDARY* --> *BOUNDARY*-9)==-1.3863e+00
	---> -3.4028e+38
Considering <1-__$> --> <__$-9> for Robin
	a(1-__$)==-3.4028e+38
	lp(9|Robin)==-2.3026e+00
	tp(1-__$ --> __$-9)==-1.2993e+00
	---> -3.4028e+38
Considering <1-9> --> <9-9> for Robin
	a(1-9)==-3.4028e+38
	lp(9|Robin)==-2.3026e+00
	tp(1-9 --> 9-9)==-1.1451e+00
	---> -3.4028e+38
Considering <1-1> --> <1-9> for Robin
	a(1-1)==-3.4028e+38
	lp(9|Robin)==-2.3026e+00
	tp(1-1 --> 1-9)== -inf
	--->  -inf
Considering <*BOUNDARY*-*BOUNDARY*> --> <*BOUNDARY*-1> for Robin
	a(*BOUNDARY*-*BOUNDARY*)==-3.4028e+38
	lp(1|Robin)==-2.3026e+00
	tp(*BOUNDARY*-*BOUNDARY* --> *BOUNDARY*-1)==-1.3863e+00
	---> -3.4028e+38
Considering <*BOUNDARY*-__$> --> <__$-1> for Robin
	a(*BOUNDARY*-__$)==-3.4028e+38
	lp(1|Robin)==-2.3026e+00
	tp(*BOUNDARY*-__$ --> __$-1)==-6.9315e-01
	---> -3.4028e+38
Considering <*BOUNDARY*-9> --> <9-1> for Robin
	a(*BOUNDARY*-9)==-3.6889e+00
	lp(1|Robin)==-2.3026e+00
	tp(*BOUNDARY*-9 --> 9-1)==-1.4816e+00
	---> -7.4731e+00
Considering <*BOUNDARY*-1> --> <1-1> for Robin
	a(*BOUNDARY*-1)==-3.4028e+38
	lp(1|Robin)==-2.3026e+00
	tp(*BOUNDARY*-1 --> 1-1)==-1.1451e+00
	---> -3.4028e+38
Considering <__$-*BOUNDARY*> --> <*BOUNDARY*-1> for Robin
	a(__$-*BOUNDARY*)==-3.4028e+38
	lp(1|Robin)==-2.3026e+00
	tp(__$-*BOUNDARY* --> *BOUNDARY*-1)==-1.3863e+00
	---> -3.4028e+38
Considering <__$-__$> --> <__$-1> for Robin
	a(__$-__$)==-3.4028e+38
	lp(1|Robin)==-2.3026e+00
	tp(__$-__$ --> __$-1)==-1.2993e+00
	---> -3.4028e+38
Considering <__$-9> --> <9-1> for Robin
	a(__$-9)==-3.4028e+38
	lp(1|Robin)==-2.3026e+00
	tp(__$-9 --> 9-1)== -inf
	--->  -inf
Considering <__$-1> --> <1-1> for Robin
	a(__$-1)==-3.4028e+38
	lp(1|Robin)==-2.3026e+00
	tp(__$-1 --> 1-1)==0.0000e+00
	---> -3.4028e+38
Considering <9-*BOUNDARY*> --> <*BOUNDARY*-1> for Robin
	a(9-*BOUNDARY*)==-3.4028e+38
	lp(1|Robin)==-2.3026e+00
	tp(9-*BOUNDARY* --> *BOUNDARY*-1)==-1.3863e+00
	---> -3.4028e+38
Considering <9-__$> --> <__$-1> for Robin
	a(9-__$)==-3.4028e+38
	lp(1|Robin)==-2.3026e+00
	tp(9-__$ --> __$-1)==-1.2993e+00
	---> -3.4028e+38
Considering <9-9> --> <9-1> for Robin
	a(9-9)==-3.4028e+38
	lp(1|Robin)==-2.3026e+00
	tp(9-9 --> 9-1)== -inf
	--->  -inf
Considering <9-1> --> <1-1> for Robin
	a(9-1)==-3.4028e+38
	lp(1|Robin)==-2.3026e+00
	tp(9-1 --> 1-1)==-1.1451e+00
	---> -3.4028e+38
Considering <1-*BOUNDARY*> --> <*BOUNDARY*-1> for Robin
	a(1-*BOUNDARY*)==-3.4028e+38
	lp(1|Robin)==-2.3026e+00
	tp(1-*BOUNDARY* --> *BOUNDARY*-1)==-1.3863e+00
	---> -3.4028e+38
Considering <1-__$> --> <__$-1> for Robin
	a(1-__$)==-3.4028e+38
	lp(1|Robin)==-2.3026e+00
	tp(1-__$ --> __$-1)==-1.2993e+00
	---> -3.4028e+38
Considering <1-9> --> <9-1> for Robin
	a(1-9)==-3.4028e+38
	lp(1|Robin)==-2.3026e+00
	tp(1-9 --> 9-1)==-1.4816e+00
	---> -3.4028e+38
Considering <1-1> --> <1-1> for Robin
	a(1-1)==-3.4028e+38
	lp(1|Robin)==-2.3026e+00
	tp(1-1 --> 1-1)==0.0000e+00
	---> -3.4028e+38
Considering <*BOUNDARY*-*BOUNDARY*> --> <*BOUNDARY*-9> for .
	a(*BOUNDARY*-*BOUNDARY*)==-3.4028e+38
	lp(9|.)==-1.6094e+00
	tp(*BOUNDARY*-*BOUNDARY* --> *BOUNDARY*-9)==-1.3863e+00
	---> -3.4028e+38
Considering <*BOUNDARY*-__$> --> <__$-9> for .
	a(*BOUNDARY*-__$)==-3.4028e+38
	lp(9|.)==-1.6094e+00
	tp(*BOUNDARY*-__$ --> __$-9)==-6.9315e-01
	---> -3.4028e+38
Considering <*BOUNDARY*-9> --> <9-9> for .
	a(*BOUNDARY*-9)==-3.4028e+38
	lp(9|.)==-1.6094e+00
	tp(*BOUNDARY*-9 --> 9-9)==-1.1451e+00
	---> -3.4028e+38
Considering <*BOUNDARY*-1> --> <1-9> for .
	a(*BOUNDARY*-1)==-3.4028e+38
	lp(9|.)==-1.6094e+00
	tp(*BOUNDARY*-1 --> 1-9)==-1.4816e+00
	---> -3.4028e+38
Considering <__$-*BOUNDARY*> --> <*BOUNDARY*-9> for .
	a(__$-*BOUNDARY*)==-3.4028e+38
	lp(9|.)==-1.6094e+00
	tp(__$-*BOUNDARY* --> *BOUNDARY*-9)==-1.3863e+00
	---> -3.4028e+38
Considering <__$-__$> --> <__$-9> for .
	a(__$-__$)==-3.4028e+38
	lp(9|.)==-1.6094e+00
	tp(__$-__$ --> __$-9)==-1.2993e+00
	---> -3.4028e+38
Considering <__$-9> --> <9-9> for .
	a(__$-9)==-3.4028e+38
	lp(9|.)==-1.6094e+00
	tp(__$-9 --> 9-9)==0.0000e+00
	---> -3.4028e+38
Considering <__$-1> --> <1-9> for .
	a(__$-1)==-3.4028e+38
	lp(9|.)==-1.6094e+00
	tp(__$-1 --> 1-9)== -inf
	--->  -inf
Considering <9-*BOUNDARY*> --> <*BOUNDARY*-9> for .
	a(9-*BOUNDARY*)==-3.4028e+38
	lp(9|.)==-1.6094e+00
	tp(9-*BOUNDARY* --> *BOUNDARY*-9)==-1.3863e+00
	---> -3.4028e+38
Considering <9-__$> --> <__$-9> for .
	a(9-__$)==-3.4028e+38
	lp(9|.)==-1.6094e+00
	tp(9-__$ --> __$-9)==-1.2993e+00
	---> -3.4028e+38
Considering <9-9> --> <9-9> for .
	a(9-9)==-7.1366e+00
	lp(9|.)==-1.6094e+00
	tp(9-9 --> 9-9)==0.0000e+00
	---> -8.7460e+00
Considering <9-1> --> <1-9> for .
	a(9-1)==-7.4731e+00
	lp(9|.)==-1.6094e+00
	tp(9-1 --> 1-9)==-1.4816e+00
	---> -1.0564e+01
Considering <1-*BOUNDARY*> --> <*BOUNDARY*-9> for .
	a(1-*BOUNDARY*)==-3.4028e+38
	lp(9|.)==-1.6094e+00
	tp(1-*BOUNDARY* --> *BOUNDARY*-9)==-1.3863e+00
	---> -3.4028e+38
Considering <1-__$> --> <__$-9> for .
	a(1-__$)==-3.4028e+38
	lp(9|.)==-1.6094e+00
	tp(1-__$ --> __$-9)==-1.2993e+00
	---> -3.4028e+38
Considering <1-9> --> <9-9> for .
	a(1-9)==-3.4028e+38
	lp(9|.)==-1.6094e+00
	tp(1-9 --> 9-9)==-1.1451e+00
	---> -3.4028e+38
Considering <1-1> --> <1-9> for .
	a(1-1)==-3.4028e+38
	lp(9|.)==-1.6094e+00
	tp(1-1 --> 1-9)== -inf
	--->  -inf
Considering <*BOUNDARY*-*BOUNDARY*> --> <*BOUNDARY*-1> for .
	a(*BOUNDARY*-*BOUNDARY*)==-3.4028e+38
	lp(1|.)==-1.6094e+00
	tp(*BOUNDARY*-*BOUNDARY* --> *BOUNDARY*-1)==-1.3863e+00
	---> -3.4028e+38
Considering <*BOUNDARY*-__$> --> <__$-1> for .
	a(*BOUNDARY*-__$)==-3.4028e+38
	lp(1|.)==-1.6094e+00
	tp(*BOUNDARY*-__$ --> __$-1)==-6.9315e-01
	---> -3.4028e+38
Considering <*BOUNDARY*-9> --> <9-1> for .
	a(*BOUNDARY*-9)==-3.4028e+38
	lp(1|.)==-1.6094e+00
	tp(*BOUNDARY*-9 --> 9-1)==-1.4816e+00
	---> -3.4028e+38
Considering <*BOUNDARY*-1> --> <1-1> for .
	a(*BOUNDARY*-1)==-3.4028e+38
	lp(1|.)==-1.6094e+00
	tp(*BOUNDARY*-1 --> 1-1)==-1.1451e+00
	---> -3.4028e+38
Considering <__$-*BOUNDARY*> --> <*BOUNDARY*-1> for .
	a(__$-*BOUNDARY*)==-3.4028e+38
	lp(1|.)==-1.6094e+00
	tp(__$-*BOUNDARY* --> *BOUNDARY*-1)==-1.3863e+00
	---> -3.4028e+38
Considering <__$-__$> --> <__$-1> for .
	a(__$-__$)==-3.4028e+38
	lp(1|.)==-1.6094e+00
	tp(__$-__$ --> __$-1)==-1.2993e+00
	---> -3.4028e+38
Considering <__$-9> --> <9-1> for .
	a(__$-9)==-3.4028e+38
	lp(1|.)==-1.6094e+00
	tp(__$-9 --> 9-1)== -inf
	--->  -inf
Considering <__$-1> --> <1-1> for .
	a(__$-1)==-3.4028e+38
	lp(1|.)==-1.6094e+00
	tp(__$-1 --> 1-1)==0.0000e+00
	---> -3.4028e+38
Considering <9-*BOUNDARY*> --> <*BOUNDARY*-1> for .
	a(9-*BOUNDARY*)==-3.4028e+38
	lp(1|.)==-1.6094e+00
	tp(9-*BOUNDARY* --> *BOUNDARY*-1)==-1.3863e+00
	---> -3.4028e+38
Considering <9-__$> --> <__$-1> for .
	a(9-__$)==-3.4028e+38
	lp(1|.)==-1.6094e+00
	tp(9-__$ --> __$-1)==-1.2993e+00
	---> -3.4028e+38
Considering <9-9> --> <9-1> for .
	a(9-9)==-7.1366e+00
	lp(1|.)==-1.6094e+00
	tp(9-9 --> 9-1)== -inf
	--->  -inf
Considering <9-1> --> <1-1> for .
	a(9-1)==-7.4731e+00
	lp(1|.)==-1.6094e+00
	tp(9-1 --> 1-1)==-1.1451e+00
	---> -1.0228e+01
Considering <1-*BOUNDARY*> --> <*BOUNDARY*-1> for .
	a(1-*BOUNDARY*)==-3.4028e+38
	lp(1|.)==-1.6094e+00
	tp(1-*BOUNDARY* --> *BOUNDARY*-1)==-1.3863e+00
	---> -3.4028e+38
Considering <1-__$> --> <__$-1> for .
	a(1-__$)==-3.4028e+38
	lp(1|.)==-1.6094e+00
	tp(1-__$ --> __$-1)==-1.2993e+00
	---> -3.4028e+38
Considering <1-9> --> <9-1> for .
	a(1-9)==-3.4028e+38
	lp(1|.)==-1.6094e+00
	tp(1-9 --> 9-1)==-1.4816e+00
	---> -3.4028e+38
Considering <1-1> --> <1-1> for .
	a(1-1)==-3.4028e+38
	lp(1|.)==-1.6094e+00
	tp(1-1 --> 1-1)==0.0000e+00
	---> -3.4028e+38
Considering <9-9> as best final state
	a(9-9)==-8.7460e+00
	tp(9-9 --> 9-NULL)== -inf
	--->   inf
Considering <1-9> as best final state
	a(1-9)==-1.0564e+01
	tp(1-9 --> 9-NULL)==-1.4816e+00
	---> 1.5652e+01
Considering <1-1> as best final state
	a(1-1)==-1.0228e+01
	tp(1-1 --> 1-NULL)== -inf
	--->   inf
best final state 1-9
Considering <*BOUNDARY*-*BOUNDARY*> --> <*BOUNDARY*-1> for Adi贸s
	a(*BOUNDARY*-*BOUNDARY*)==0.0000e+00
	lp(1|Adi贸s)==-2.3026e+00
	tp(*BOUNDARY*-*BOUNDARY* --> *BOUNDARY*-1)==-1.3863e+00
	---> -3.6889e+00
Considering <*BOUNDARY*-__$> --> <__$-1> for Adi贸s
	a(*BOUNDARY*-__$)==-3.4028e+38
	lp(1|Adi贸s)==-2.3026e+00
	tp(*BOUNDARY*-__$ --> __$-1)==-6.9315e-01
	---> -3.4028e+38
Considering <*BOUNDARY*-9> --> <9-1> for Adi贸s
	a(*BOUNDARY*-9)==-3.4028e+38
	lp(1|Adi贸s)==-2.3026e+00
	tp(*BOUNDARY*-9 --> 9-1)==-1.4816e+00
	---> -3.4028e+38
Considering <*BOUNDARY*-1> --> <1-1> for Adi贸s
	a(*BOUNDARY*-1)==-3.4028e+38
	lp(1|Adi贸s)==-2.3026e+00
	tp(*BOUNDARY*-1 --> 1-1)==-1.1451e+00
	---> -3.4028e+38
Considering <__$-*BOUNDARY*> --> <*BOUNDARY*-1> for Adi贸s
	a(__$-*BOUNDARY*)==-3.4028e+38
	lp(1|Adi贸s)==-2.3026e+00
	tp(__$-*BOUNDARY* --> *BOUNDARY*-1)==-1.3863e+00
	---> -3.4028e+38
Considering <__$-__$> --> <__$-1> for Adi贸s
	a(__$-__$)==-3.4028e+38
	lp(1|Adi贸s)==-2.3026e+00
	tp(__$-__$ --> __$-1)==-1.2993e+00
	---> -3.4028e+38
Considering <__$-9> --> <9-1> for Adi贸s
	a(__$-9)==-3.4028e+38
	lp(1|Adi贸s)==-2.3026e+00
	tp(__$-9 --> 9-1)== -inf
	--->  -inf
Considering <__$-1> --> <1-1> for Adi贸s
	a(__$-1)==-3.4028e+38
	lp(1|Adi贸s)==-2.3026e+00
	tp(__$-1 --> 1-1)==0.0000e+00
	---> -3.4028e+38
Considering <9-*BOUNDARY*> --> <*BOUNDARY*-1> for Adi贸s
	a(9-*BOUNDARY*)==-3.4028e+38
	lp(1|Adi贸s)==-2.3026e+00
	tp(9-*BOUNDARY* --> *BOUNDARY*-1)==-1.3863e+00
	---> -3.4028e+38
Considering <9-__$> --> <__$-1> for Adi贸s
	a(9-__$)==-3.4028e+38
	lp(1|Adi贸s)==-2.3026e+00
	tp(9-__$ --> __$-1)==-1.2993e+00
	---> -3.4028e+38
Considering <9-9> --> <9-1> for Adi贸s
	a(9-9)==-3.4028e+38
	lp(1|Adi贸s)==-2.3026e+00
	tp(9-9 --> 9-1)== -inf
	--->  -inf
Considering <9-1> --> <1-1> for Adi贸s
	a(9-1)==-3.4028e+38
	lp(1|Adi贸s)==-2.3026e+00
	tp(9-1 --> 1-1)==-1.1451e+00
	---> -3.4028e+38
Considering <1-*BOUNDARY*> --> <*BOUNDARY*-1> for Adi贸s
	a(1-*BOUNDARY*)==-3.4028e+38
	lp(1|Adi贸s)==-2.3026e+00
	tp(1-*BOUNDARY* --> *BOUNDARY*-1)==-1.3863e+00
	---> -3.4028e+38
Considering <1-__$> --> <__$-1> for Adi贸s
	a(1-__$)==-3.4028e+38
	lp(1|Adi贸s)==-2.3026e+00
	tp(1-__$ --> __$-1)==-1.2993e+00
	---> -3.4028e+38
Considering <1-9> --> <9-1> for Adi贸s
	a(1-9)==-3.4028e+38
	lp(1|Adi贸s)==-2.3026e+00
	tp(1-9 --> 9-1)==-1.4816e+00
	---> -3.4028e+38
Considering <1-1> --> <1-1> for Adi贸s
	a(1-1)==-3.4028e+38
	lp(1|Adi贸s)==-2.3026e+00
	tp(1-1 --> 1-1)==0.0000e+00
	---> -3.4028e+38
Considering <*BOUNDARY*-*BOUNDARY*> --> <*BOUNDARY*-9> for Robin
	a(*BOUNDARY*-*BOUNDARY*)==-3.4028e+38
	lp(9|Robin)==-2.3026e+00
	tp(*BOUNDARY*-*BOUNDARY* --> *BOUNDARY*-9)==-1.3863e+00
	---> -3.4028e+38
Considering <*BOUNDARY*-__$> --> <__$-9> for Robin
	a(*BOUNDARY*-__$)==-3.4028e+38
	lp(9|Robin)==-2.3026e+00
	tp(*BOUNDARY*-__$ --> __$-9)==-6.9315e-01
	---> -3.4028e+38
Considering <*BOUNDARY*-9> --> <9-9> for Robin
	a(*BOUNDARY*-9)==-3.4028e+38
	lp(9|Robin)==-2.3026e+00
	tp(*BOUNDARY*-9 --> 9-9)==-1.1451e+00
	---> -3.4028e+38
Considering <*BOUNDARY*-1> --> <1-9> for Robin
	a(*BOUNDARY*-1)==-3.6889e+00
	lp(9|Robin)==-2.3026e+00
	tp(*BOUNDARY*-1 --> 1-9)==-1.4816e+00
	---> -7.4731e+00
Considering <__$-*BOUNDARY*> --> <*BOUNDARY*-9> for Robin
	a(__$-*BOUNDARY*)==-3.4028e+38
	lp(9|Robin)==-2.3026e+00
	tp(__$-*BOUNDARY* --> *BOUNDARY*-9)==-1.3863e+00
	---> -3.4028e+38
Considering <__$-__$> --> <__$-9> for Robin
	a(__$-__$)==-3.4028e+38
	lp(9|Robin)==-2.3026e+00
	tp(__$-__$ --> __$-9)==-1.2993e+00
	---> -3.4028e+38
Considering <__$-9> --> <9-9> for Robin
	a(__$-9)==-3.4028e+38
	lp(9|Robin)==-2.3026e+00
	tp(__$-9 --> 9-9)==0.0000e+00
	---> -3.4028e+38
Considering <__$-1> --> <1-9> for Robin
	a(__$-1)==-3.4028e+38
	lp(9|Robin)==-2.3026e+00
	tp(__$-1 --> 1-9)== -inf
	--->  -inf
Considering <9-*BOUNDARY*> --> <*BOUNDARY*-9> for Robin
	a(9-*BOUNDARY*)==-3.4028e+38
	lp(9|Robin)==-2.3026e+00
	tp(9-*BOUNDARY* --> *BOUNDARY*-9)==-1.3863e+00
	---> -3.4028e+38
Considering <9-__$> --> <__$-9> for Robin
	a(9-__$)==-3.4028e+38
	lp(9|Robin)==-2.3026e+00
	tp(9-__$ --> __$-9)==-1.2993e+00
	---> -3.4028e+38
Considering <9-9> --> <9-9> for Robin
	a(9-9)==-3.4028e+38
	lp(9|Robin)==-2.3026e+00
	tp(9-9 --> 9-9)==0.0000e+00
	---> -3.4028e+38
Considering <9-1> --> <1-9> for Robin
	a(9-1)==-3.4028e+38
	lp(9|Robin)==-2.3026e+00
	tp(9-1 --> 1-9)==-1.4816e+00
	---> -3.4028e+38
Considering <1-*BOUNDARY*> --> <*BOUNDARY*-9> for Robin
	a(1-*BOUNDARY*)==-3.4028e+38
	lp(9|Robin)==-2.3026e+00
	tp(1-*BOUNDARY* --> *BOUNDARY*-9)==-1.3863e+00
	---> -3.4028e+38
Considering <1-__$> --> <__$-9> for Robin
	a(1-__$)==-3.4028e+38
	lp(9|Robin)==-2.3026e+00
	tp(1-__$ --> __$-9)==-1.2993e+00
	---> -3.4028e+38
Considering <1-9> --> <9-9> for Robin
	a(1-9)==-3.4028e+38
	lp(9|Robin)==-2.3026e+00
	tp(1-9 --> 9-9)==-1.1451e+00
	---> -3.4028e+38
Considering <1-1> --> <1-9> for Robin
	a(1-1)==-3.4028e+38
	lp(9|Robin)==-2.3026e+00
	tp(1-1 --> 1-9)== -inf
	--->  -inf
Considering <*BOUNDARY*-*BOUNDARY*> --> <*BOUNDARY*-1> for Robin
	a(*BOUNDARY*-*BOUNDARY*)==-3.4028e+38
	lp(1|Robin)==-2.3026e+00
	tp(*BOUNDARY*-*BOUNDARY* --> *BOUNDARY*-1)==-1.3863e+00
	---> -3.4028e+38
Considering <*BOUNDARY*-__$> --> <__$-1> for Robin
	a(*BOUNDARY*-__$)==-3.4028e+38
	lp(1|Robin)==-2.3026e+00
	tp(*BOUNDARY*-__$ --> __$-1)==-6.9315e-01
	---> -3.4028e+38
Considering <*BOUNDARY*-9> --> <9-1> for Robin
	a(*BOUNDARY*-9)==-3.4028e+38
	lp(1|Robin)==-2.3026e+00
	tp(*BOUNDARY*-9 --> 9-1)==-1.4816e+00
	---> -3.4028e+38
Considering <*BOUNDARY*-1> --> <1-1> for Robin
	a(*BOUNDARY*-1)==-3.6889e+00
	lp(1|Robin)==-2.3026e+00
	tp(*BOUNDARY*-1 --> 1-1)==-1.1451e+00
	---> -7.1366e+00
Considering <__$-*BOUNDARY*> --> <*BOUNDARY*-1> for Robin
	a(__$-*BOUNDARY*)==-3.4028e+38
	lp(1|Robin)==-2.3026e+00
	tp(__$-*BOUNDARY* --> *BOUNDARY*-1)==-1.3863e+00
	---> -3.4028e+38
Considering <__$-__$> --> <__$-1> for Robin
	a(__$-__$)==-3.4028e+38
	lp(1|Robin)==-2.3026e+00
	tp(__$-__$ --> __$-1)==-1.2993e+00
	---> -3.4028e+38
Considering <__$-9> --> <9-1> for Robin
	a(__$-9)==-3.4028e+38
	lp(1|Robin)==-2.3026e+00
	tp(__$-9 --> 9-1)== -inf
	--->  -inf
Considering <__$-1> --> <1-1> for Robin
	a(__$-1)==-3.4028e+38
	lp(1|Robin)==-2.3026e+00
	tp(__$-1 --> 1-1)==0.0000e+00
	---> -3.4028e+38
Considering <9-*BOUNDARY*> --> <*BOUNDARY*-1> for Robin
	a(9-*BOUNDARY*)==-3.4028e+38
	lp(1|Robin)==-2.3026e+00
	tp(9-*BOUNDARY* --> *BOUNDARY*-1)==-1.3863e+00
	---> -3.4028e+38
Considering <9-__$> --> <__$-1> for Robin
	a(9-__$)==-3.4028e+38
	lp(1|Robin)==-2.3026e+00
	tp(9-__$ --> __$-1)==-1.2993e+00
	---> -3.4028e+38
Considering <9-9> --> <9-1> for Robin
	a(9-9)==-3.4028e+38
	lp(1|Robin)==-2.3026e+00
	tp(9-9 --> 9-1)== -inf
	--->  -inf
Considering <9-1> --> <1-1> for Robin
	a(9-1)==-3.4028e+38
	lp(1|Robin)==-2.3026e+00
	tp(9-1 --> 1-1)==-1.1451e+00
	---> -3.4028e+38
Considering <1-*BOUNDARY*> --> <*BOUNDARY*-1> for Robin
	a(1-*BOUNDARY*)==-3.4028e+38
	lp(1|Robin)==-2.3026e+00
	tp(1-*BOUNDARY* --> *BOUNDARY*-1)==-1.3863e+00
	---> -3.4028e+38
Considering <1-__$> --> <__$-1> for Robin
	a(1-__$)==-3.4028e+38
	lp(1|Robin)==-2.3026e+00
	tp(1-__$ --> __$-1)==-1.2993e+00
	---> -3.4028e+38
Considering <1-9> --> <9-1> for Robin
	a(1-9)==-3.4028e+38
	lp(1|Robin)==-2.3026e+00
	tp(1-9 --> 9-1)==-1.4816e+00
	---> -3.4028e+38
Considering <1-1> --> <1-1> for Robin
	a(1-1)==-3.4028e+38
	lp(1|Robin)==-2.3026e+00
	tp(1-1 --> 1-1)==0.0000e+00
	---> -3.4028e+38
Considering <*BOUNDARY*-*BOUNDARY*> --> <*BOUNDARY*-9> for .
	a(*BOUNDARY*-*BOUNDARY*)==-3.4028e+38
	lp(9|.)==-1.6094e+00
	tp(*BOUNDARY*-*BOUNDARY* --> *BOUNDARY*-9)==-1.3863e+00
	---> -3.4028e+38
Considering <*BOUNDARY*-__$> --> <__$-9> for .
	a(*BOUNDARY*-__$)==-3.4028e+38
	lp(9|.)==-1.6094e+00
	tp(*BOUNDARY*-__$ --> __$-9)==-6.9315e-01
	---> -3.4028e+38
Considering <*BOUNDARY*-9> --> <9-9> for .
	a(*BOUNDARY*-9)==-3.4028e+38
	lp(9|.)==-1.6094e+00
	tp(*BOUNDARY*-9 --> 9-9)==-1.1451e+00
	---> -3.4028e+38
Considering <*BOUNDARY*-1> --> <1-9> for .
	a(*BOUNDARY*-1)==-3.4028e+38
	lp(9|.)==-1.6094e+00
	tp(*BOUNDARY*-1 --> 1-9)==-1.4816e+00
	---> -3.4028e+38
Considering <__$-*BOUNDARY*> --> <*BOUNDARY*-9> for .
	a(__$-*BOUNDARY*)==-3.4028e+38
	lp(9|.)==-1.6094e+00
	tp(__$-*BOUNDARY* --> *BOUNDARY*-9)==-1.3863e+00
	---> -3.4028e+38
Considering <__$-__$> --> <__$-9> for .
	a(__$-__$)==-3.4028e+38
	lp(9|.)==-1.6094e+00
	tp(__$-__$ --> __$-9)==-1.2993e+00
	---> -3.4028e+38
Considering <__$-9> --> <9-9> for .
	a(__$-9)==-3.4028e+38
	lp(9|.)==-1.6094e+00
	tp(__$-9 --> 9-9)==0.0000e+00
	---> -3.4028e+38
Considering <__$-1> --> <1-9> for .
	a(__$-1)==-3.4028e+38
	lp(9|.)==-1.6094e+00
	tp(__$-1 --> 1-9)== -inf
	--->  -inf
Considering <9-*BOUNDARY*> --> <*BOUNDARY*-9> for .
	a(9-*BOUNDARY*)==-3.4028e+38
	lp(9|.)==-1.6094e+00
	tp(9-*BOUNDARY* --> *BOUNDARY*-9)==-1.3863e+00
	---> -3.4028e+38
Considering <9-__$> --> <__$-9> for .
	a(9-__$)==-3.4028e+38
	lp(9|.)==-1.6094e+00
	tp(9-__$ --> __$-9)==-1.2993e+00
	---> -3.4028e+38
Considering <9-9> --> <9-9> for .
	a(9-9)==-3.4028e+38
	lp(9|.)==-1.6094e+00
	tp(9-9 --> 9-9)==0.0000e+00
	---> -3.4028e+38
Considering <9-1> --> <1-9> for .
	a(9-1)==-3.4028e+38
	lp(9|.)==-1.6094e+00
	tp(9-1 --> 1-9)==-1.4816e+00
	---> -3.4028e+38
Considering <1-*BOUNDARY*> --> <*BOUNDARY*-9> for .
	a(1-*BOUNDARY*)==-3.4028e+38
	lp(9|.)==-1.6094e+00
	tp(1-*BOUNDARY* --> *BOUNDARY*-9)==-1.3863e+00
	---> -3.4028e+38
Considering <1-__$> --> <__$-9> for .
	a(1-__$)==-3.4028e+38
	lp(9|.)==-1.6094e+00
	tp(1-__$ --> __$-9)==-1.2993e+00
	---> -3.4028e+38
Considering <1-9> --> <9-9> for .
	a(1-9)==-7.4731e+00
	lp(9|.)==-1.6094e+00
	tp(1-9 --> 9-9)==-1.1451e+00
	---> -1.0228e+01
Considering <1-1> --> <1-9> for .
	a(1-1)==-7.1366e+00
	lp(9|.)==-1.6094e+00
	tp(1-1 --> 1-9)== -inf
	--->  -inf
Considering <*BOUNDARY*-*BOUNDARY*> --> <*BOUNDARY*-1> for .
	a(*BOUNDARY*-*BOUNDARY*)==-3.4028e+38
	lp(1|.)==-1.6094e+00
	tp(*BOUNDARY*-*BOUNDARY* --> *BOUNDARY*-1)==-1.3863e+00
	---> -3.4028e+38
Considering <*BOUNDARY*-__$> --> <__$-1> for .
	a(*BOUNDARY*-__$)==-3.4028e+38
	lp(1|.)==-1.6094e+00
	tp(*BOUNDARY*-__$ --> __$-1)==-6.9315e-01
	---> -3.4028e+38
Considering <*BOUNDARY*-9> --> <9-1> for .
	a(*BOUNDARY*-9)==-3.4028e+38
	lp(1|.)==-1.6094e+00
	tp(*BOUNDARY*-9 --> 9-1)==-1.4816e+00
	---> -3.4028e+38
Considering <*BOUNDARY*-1> --> <1-1> for .
	a(*BOUNDARY*-1)==-3.4028e+38
	lp(1|.)==-1.6094e+00
	tp(*BOUNDARY*-1 --> 1-1)==-1.1451e+00
	---> -3.4028e+38
Considering <__$-*BOUNDARY*> --> <*BOUNDARY*-1> for .
	a(__$-*BOUNDARY*)==-3.4028e+38
	lp(1|.)==-1.6094e+00
	tp(__$-*BOUNDARY* --> *BOUNDARY*-1)==-1.3863e+00
	---> -3.4028e+38
Considering <__$-__$> --> <__$-1> for .
	a(__$-__$)==-3.4028e+38
	lp(1|.)==-1.6094e+00
	tp(__$-__$ --> __$-1)==-1.2993e+00
	---> -3.4028e+38
Considering <__$-9> --> <9-1> for .
	a(__$-9)==-3.4028e+38
	lp(1|.)==-1.6094e+00
	tp(__$-9 --> 9-1)== -inf
	--->  -inf
Considering <__$-1> --> <1-1> for .
	a(__$-1)==-3.4028e+38
	lp(1|.)==-1.6094e+00
	tp(__$-1 --> 1-1)==0.0000e+00
	---> -3.4028e+38
Considering <9-*BOUNDARY*> --> <*BOUNDARY*-1> for .
	a(9-*BOUNDARY*)==-3.4028e+38
	lp(1|.)==-1.6094e+00
	tp(9-*BOUNDARY* --> *BOUNDARY*-1)==-1.3863e+00
	---> -3.4028e+38
Considering <9-__$> --> <__$-1> for .
	a(9-__$)==-3.4028e+38
	lp(1|.)==-1.6094e+00
	tp(9-__$ --> __$-1)==-1.2993e+00
	---> -3.4028e+38
Considering <9-9> --> <9-1> for .
	a(9-9)==-3.4028e+38
	lp(1|.)==-1.6094e+00
	tp(9-9 --> 9-1)== -inf
	--->  -inf
Considering <9-1> --> <1-1> for .
	a(9-1)==-3.4028e+38
	lp(1|.)==-1.6094e+00
	tp(9-1 --> 1-1)==-1.1451e+00
	---> -3.4028e+38
Considering <1-*BOUNDARY*> --> <*BOUNDARY*-1> for .
	a(1-*BOUNDARY*)==-3.4028e+38
	lp(1|.)==-1.6094e+00
	tp(1-*BOUNDARY* --> *BOUNDARY*-1)==-1.3863e+00
	---> -3.4028e+38
Considering <1-__$> --> <__$-1> for .
	a(1-__$)==-3.4028e+38
	lp(1|.)==-1.6094e+00
	tp(1-__$ --> __$-1)==-1.2993e+00
	---> -3.4028e+38
Considering <1-9> --> <9-1> for .
	a(1-9)==-7.4731e+00
	lp(1|.)==-1.6094e+00
	tp(1-9 --> 9-1)==-1.4816e+00
	---> -1.0564e+01
Considering <1-1> --> <1-1> for .
	a(1-1)==-7.1366e+00
	lp(1|.)==-1.6094e+00
	tp(1-1 --> 1-1)==0.0000e+00
	---> -8.7460e+00
Considering <9-9> as best final state
	a(9-9)==-1.0228e+01
	tp(9-9 --> 9-NULL)== -inf
	--->   inf
Considering <9-1> as best final state
	a(9-1)==-1.0564e+01
	tp(9-1 --> 1-NULL)==-1.4816e+00
	---> 1.5652e+01
Considering <1-1> as best final state
	a(1-1)==-8.7460e+00
	tp(1-1 --> 1-NULL)== -inf
	--->   inf
best final state 9-1
[       64 ms::6] done
